<?xml version="1.0" encoding="UTF-8"?>
<!-- Generated by org.testng.reporters.JUnitReportReporter -->
<testsuite hostname="ATMECSINLT-601" failures="0" tests="6" name="com.atmecs.handling_frames.tests.HandlingFrames" time="171.091" errors="0" timestamp="2020-09-29T12:30:21 IST" skipped="0">
  <testcase classname="com.atmecs.handling_frames.tests.HandlingFrames" name="handlingFrames" time="21.314"/>
  <system-out/>
  <testcase classname="com.atmecs.handling_frames.tests.HandlingFrames" name="handlingFrames" time="19.327"/>
  <system-out/>
  <testcase classname="com.atmecs.handling_frames.tests.HandlingFrames" name="handlingFrames" time="57.761"/>
  <system-out/>
  <testcase classname="com.atmecs.handling_frames.tests.HandlingFrames" name="handlingFrames" time="17.899"/>
  <system-out/>
  <testcase classname="com.atmecs.handling_frames.tests.HandlingFrames" name="handlingFrames" time="27.197"/>
  <system-out/>
  <testcase classname="com.atmecs.handling_frames.tests.HandlingFrames" name="handlingFrames" time="27.593"/>
  <system-out/>
</testsuite> <!-- com.atmecs.handling_frames.tests.HandlingFrames -->
