<?xml version="1.0" encoding="UTF-8"?>
<!-- Generated by org.testng.reporters.JUnitReportReporter -->
<testsuite hostname="ATMECSINLT-601" failures="0" tests="6" name="com.atmecs.handling_frames.tests.HandlingFrames" time="111.116" errors="0" timestamp="2020-10-04T21:57:58 IST" skipped="0">
  <testcase classname="com.atmecs.handling_frames.tests.HandlingFrames" name="handlingFrames" time="18.131"/>
  <system-out/>
  <testcase classname="com.atmecs.handling_frames.tests.HandlingFrames" name="handlingFrames" time="17.755"/>
  <system-out/>
  <testcase classname="com.atmecs.handling_frames.tests.HandlingFrames" name="handlingFrames" time="17.421"/>
  <system-out/>
  <testcase classname="com.atmecs.handling_frames.tests.HandlingFrames" name="handlingFrames" time="19.870"/>
  <system-out/>
  <testcase classname="com.atmecs.handling_frames.tests.HandlingFrames" name="handlingFrames" time="18.585"/>
  <system-out/>
  <testcase classname="com.atmecs.handling_frames.tests.HandlingFrames" name="handlingFrames" time="19.354"/>
  <system-out/>
</testsuite> <!-- com.atmecs.handling_frames.tests.HandlingFrames -->
