<?xml version="1.0" encoding="UTF-8"?>
<!-- Generated by org.testng.reporters.JUnitReportReporter -->
<testsuite hostname="ATMECSINLT-601" failures="0" tests="6" name="com.atmecs.handling_frames.tests.HandlingFrames" time="117.432" errors="0" timestamp="2020-09-30T18:33:58 IST" skipped="0">
  <testcase classname="com.atmecs.handling_frames.tests.HandlingFrames" name="handlingFrames" time="22.815"/>
  <system-out/>
  <testcase classname="com.atmecs.handling_frames.tests.HandlingFrames" name="handlingFrames" time="22.919"/>
  <system-out/>
  <testcase classname="com.atmecs.handling_frames.tests.HandlingFrames" name="handlingFrames" time="18.267"/>
  <system-out/>
  <testcase classname="com.atmecs.handling_frames.tests.HandlingFrames" name="handlingFrames" time="16.636"/>
  <system-out/>
  <testcase classname="com.atmecs.handling_frames.tests.HandlingFrames" name="handlingFrames" time="18.645"/>
  <system-out/>
  <testcase classname="com.atmecs.handling_frames.tests.HandlingFrames" name="handlingFrames" time="18.150"/>
  <system-out/>
</testsuite> <!-- com.atmecs.handling_frames.tests.HandlingFrames -->
