<?xml version="1.0" encoding="UTF-8"?>
<!-- Generated by org.testng.reporters.JUnitReportReporter -->
<testsuite hostname="ATMECSINLT-601" failures="0" tests="6" name="com.atmecs.handling_frames.tests.HandlingFrames" time="107.767" errors="0" timestamp="2020-10-05T11:22:12 IST" skipped="0">
  <testcase classname="com.atmecs.handling_frames.tests.HandlingFrames" name="handlingFrames" time="18.015"/>
  <system-out/>
  <testcase classname="com.atmecs.handling_frames.tests.HandlingFrames" name="handlingFrames" time="18.686"/>
  <system-out/>
  <testcase classname="com.atmecs.handling_frames.tests.HandlingFrames" name="handlingFrames" time="18.849"/>
  <system-out/>
  <testcase classname="com.atmecs.handling_frames.tests.HandlingFrames" name="handlingFrames" time="17.635"/>
  <system-out/>
  <testcase classname="com.atmecs.handling_frames.tests.HandlingFrames" name="handlingFrames" time="17.517"/>
  <system-out/>
  <testcase classname="com.atmecs.handling_frames.tests.HandlingFrames" name="handlingFrames" time="17.065"/>
  <system-out/>
</testsuite> <!-- com.atmecs.handling_frames.tests.HandlingFrames -->
