<?xml version="1.0" encoding="UTF-8"?>
<!-- Generated by org.testng.reporters.JUnitReportReporter -->
<testsuite hostname="ATMECSINLT-601" failures="0" tests="1" name="com.atmecs.handling_frames.tests.HandlingFrames" time="0.000" errors="0" timestamp="2020-10-20T16:04:10 IST" skipped="1">
  <testcase classname="com.atmecs.handling_frames.tests.HandlingFrames" name="handlingFrames" time="0.000">
    <skipped/>
  </testcase> <!-- handlingFrames -->
  <system-out/>
</testsuite> <!-- com.atmecs.handling_frames.tests.HandlingFrames -->
